<?xml version="1.0" encoding="UTF-8"?>
<!-- Generated by org.testng.reporters.JUnitReportReporter -->
<testsuite skipped="0" hostname="Kharbanda-Aishw" name="automationNamshi.BlankField" tests="1" failures="0" timestamp="13 Feb 2018 07:58:37 GMT" time="64.955" errors="0">
  <testcase name="blankFields" time="64.955" classname="automationNamshi.BlankField"/>
</testsuite> <!-- automationNamshi.BlankField -->
