<?xml version="1.0" encoding="UTF-8"?>
<!-- Generated by org.testng.reporters.JUnitReportReporter -->
<testsuite skipped="0" hostname="Kharbanda-Aishw" name="com.Namshi.TestCases.Aishwarya" tests="1" failures="0" timestamp="14 May 2018 12:06:55 GMT" time="32.863" errors="0">
  <testcase name="loginError" time="32.863" classname="com.Namshi.TestCases.Aishwarya"/>
</testsuite> <!-- com.Namshi.TestCases.Aishwarya -->
