<?xml version="1.0" encoding="UTF-8"?>
<!-- Generated by org.testng.reporters.JUnitReportReporter -->
<testsuite skipped="0" hostname="Kharbanda-Aishw" name="com.Namshi.TestCases.OrderPlacedSuccessfully" tests="1" failures="0" timestamp="16 May 2018 11:03:38 GMT" time="55.358" errors="0">
  <testcase name="place_order" time="55.358" classname="com.Namshi.TestCases.OrderPlacedSuccessfully"/>
</testsuite> <!-- com.Namshi.TestCases.OrderPlacedSuccessfully -->
