<?xml version="1.0" encoding="UTF-8"?>
<!-- Generated by org.testng.reporters.JUnitReportReporter -->
<testsuite skipped="0" hostname="Kharbanda-Aishw" name="com.Namshi.TestCases.Password_Length_SignUp" tests="1" failures="0" timestamp="15 May 2018 14:43:16 GMT" time="24.959" errors="0">
  <testcase name="password_length" time="24.959" classname="com.Namshi.TestCases.Password_Length_SignUp"/>
</testsuite> <!-- com.Namshi.TestCases.Password_Length_SignUp -->
