<?xml version="1.0" encoding="UTF-8"?>
<!-- Generated by org.testng.reporters.JUnitReportReporter -->
<testsuite skipped="0" hostname="Kharbanda-Aishw" name="automationNamshi.SelectCountry" tests="1" failures="0" timestamp="22 Jan 2018 08:45:13 GMT" time="28.886" errors="0">
  <testcase name="select" time="28.886" classname="automationNamshi.SelectCountry"/>
</testsuite> <!-- automationNamshi.SelectCountry -->
