<?xml version="1.0" encoding="UTF-8"?>
<!-- Generated by org.testng.reporters.JUnitReportReporter -->
<testsuite skipped="0" hostname="Kharbanda-Aishw" name="automationNamshi.InvalidGuestAddress" tests="1" failures="0" timestamp="24 Jan 2018 11:35:04 GMT" time="26.470" errors="0">
  <testcase name="invalidGuestID" time="26.470" classname="automationNamshi.InvalidGuestAddress"/>
</testsuite> <!-- automationNamshi.InvalidGuestAddress -->
