<?xml version="1.0" encoding="UTF-8"?>
<!-- Generated by org.testng.reporters.JUnitReportReporter -->
<testsuite skipped="0" hostname="Kharbanda-Aishw" name="com.Namshi.TestCases.SignIn" tests="1" failures="0" timestamp="16 May 2018 13:30:05 GMT" time="57.203" errors="0">
  <testcase name="login_wrong_credentials" time="57.203" classname="com.Namshi.TestCases.SignIn"/>
</testsuite> <!-- com.Namshi.TestCases.SignIn -->
