<?xml version="1.0" encoding="UTF-8"?>
<!-- Generated by org.testng.reporters.JUnitReportReporter -->
<testsuite skipped="0" hostname="Kharbanda-Aishw" name="com.Namshi.TestCases.SignUp_without_Details" tests="1" failures="0" timestamp="15 May 2018 15:01:18 GMT" time="19.036" errors="0">
  <testcase name="SignUp_BlankDetails" time="19.036" classname="com.Namshi.TestCases.SignUp_without_Details"/>
</testsuite> <!-- com.Namshi.TestCases.SignUp_without_Details -->
