<?xml version="1.0" encoding="UTF-8"?>
<!-- Generated by org.testng.reporters.JUnitReportReporter -->
<testsuite skipped="0" hostname="Kharbanda-Aishw" name="com.Namshi.TestCases.Incr_quantity_inCart" tests="2" failures="0" timestamp="03 Apr 2018 13:42:25 GMT" time="23.489" errors="0">
  <testcase name="quantityInCart" time="22.984" classname="com.Namshi.TestCases.Incr_quantity_inCart"/>
  <testcase name="removeProduct" time="0.505" classname="com.Namshi.TestCases.Incr_quantity_inCart"/>
</testsuite> <!-- com.Namshi.TestCases.Incr_quantity_inCart -->
