<?xml version="1.0" encoding="UTF-8"?>
<!-- Generated by org.testng.reporters.JUnitReportReporter -->
<testsuite skipped="0" hostname="Kharbanda-Aishw" name="automationNamshi.SignIn" tests="1" failures="0" timestamp="23 Jan 2018 06:43:24 GMT" time="48.648" errors="0">
  <testcase name="login" time="48.648" classname="automationNamshi.SignIn"/>
</testsuite> <!-- automationNamshi.SignIn -->
