<?xml version="1.0" encoding="UTF-8"?>
<!-- Generated by org.testng.reporters.JUnitReportReporter -->
<testsuite skipped="0" hostname="Kharbanda-Aishw" name="automationNamshi.Coupon" tests="1" failures="0" timestamp="23 Jan 2018 12:40:41 GMT" time="53.215" errors="0">
  <testcase name="couponCode" time="53.215" classname="automationNamshi.Coupon"/>
</testsuite> <!-- automationNamshi.Coupon -->
