<?xml version="1.0" encoding="UTF-8"?>
<!-- Generated by org.testng.reporters.JUnitReportReporter -->
<testsuite skipped="0" hostname="Kharbanda-Aishw" name="com.Namshi.TestCases.AddProducts_Wishlist" tests="1" failures="0" timestamp="16 May 2018 12:53:49 GMT" time="38.101" errors="0">
  <testcase name="wishlist" time="38.101" classname="com.Namshi.TestCases.AddProducts_Wishlist"/>
</testsuite> <!-- com.Namshi.TestCases.AddProducts_Wishlist -->
