<?xml version="1.0" encoding="UTF-8"?>
<!-- Generated by org.testng.reporters.JUnitReportReporter -->
<testsuite skipped="0" hostname="Kharbanda-Aishw" name="com.Namshi.TestCases.SignUpUser" tests="1" failures="0" timestamp="15 May 2018 13:55:37 GMT" time="23.145" errors="0">
  <testcase name="signUp_Namshi" time="23.145" classname="com.Namshi.TestCases.SignUpUser"/>
</testsuite> <!-- com.Namshi.TestCases.SignUpUser -->
