<?xml version="1.0" encoding="UTF-8"?>
<!-- Generated by org.testng.reporters.JUnitReportReporter -->
<testsuite skipped="0" hostname="Kharbanda-Aishw" name="automationNamshi.SignUp" tests="1" failures="0" timestamp="22 Jan 2018 12:40:40 GMT" time="33.615" errors="0">
  <testcase name="newUser" time="33.615" classname="automationNamshi.SignUp"/>
</testsuite> <!-- automationNamshi.SignUp -->
