<?xml version="1.0" encoding="UTF-8"?>
<!-- Generated by org.testng.reporters.JUnitReportReporter -->
<testsuite skipped="0" hostname="Kharbanda-Aishw" name="com.Namshi.TestCases.FilterBrand_PlaceOrder" tests="1" failures="0" timestamp="16 May 2018 08:25:13 GMT" time="43.391" errors="0">
  <testcase name="filter_placeOrder" time="43.391" classname="com.Namshi.TestCases.FilterBrand_PlaceOrder"/>
</testsuite> <!-- com.Namshi.TestCases.FilterBrand_PlaceOrder -->
