<?xml version="1.0" encoding="UTF-8"?>
<!-- Generated by org.testng.reporters.JUnitReportReporter -->
<testsuite skipped="0" hostname="Kharbanda-Aishw" name="com.Namshi.TestCases.Login_with_Incorrect_credentials" tests="1" failures="0" timestamp="14 May 2018 12:21:28 GMT" time="29.911" errors="0">
  <testcase name="login_wrong_credentials" time="29.911" classname="com.Namshi.TestCases.Login_with_Incorrect_credentials"/>
</testsuite> <!-- com.Namshi.TestCases.Login_with_Incorrect_credentials -->
