<?xml version="1.0" encoding="UTF-8"?>
<!-- Generated by org.testng.reporters.JUnitReportReporter -->
<testsuite skipped="0" hostname="Kharbanda-Aishw" name="com.Namshi.TestCases.quantityIncrease_RemovedProduct" tests="1" failures="0" timestamp="16 May 2018 11:39:31 GMT" time="13.030" errors="0">
  <testcase name="quantityInCart" time="13.030" classname="com.Namshi.TestCases.quantityIncrease_RemovedProduct"/>
</testsuite> <!-- com.Namshi.TestCases.quantityIncrease_RemovedProduct -->
