<?xml version="1.0" encoding="UTF-8"?>
<!-- Generated by org.testng.reporters.JUnitReportReporter -->
<testsuite skipped="0" hostname="Kharbanda-Aishw" name="com.Namshi.TestCases.Verify_User_Login" tests="1" failures="0" timestamp="29 Mar 2018 13:14:09 GMT" time="33.183" errors="0">
  <testcase name="checkValidUser" time="33.183" classname="com.Namshi.TestCases.Verify_User_Login"/>
</testsuite> <!-- com.Namshi.TestCases.Verify_User_Login -->
