<?xml version="1.0" encoding="UTF-8"?>
<!-- Generated by org.testng.reporters.JUnitReportReporter -->
<testsuite skipped="0" hostname="Kharbanda-Aishw" name="com.Namshi.TestCases.SignUp_using_ExistingCredentials" tests="1" failures="0" timestamp="15 May 2018 14:09:36 GMT" time="37.133" errors="0">
  <testcase name="existingEmail_onSignUp" time="37.133" classname="com.Namshi.TestCases.SignUp_using_ExistingCredentials"/>
</testsuite> <!-- com.Namshi.TestCases.SignUp_using_ExistingCredentials -->
